[debug] [2025-01-12T12:05:56.566Z] ----------------------------------------------------------------------
[debug] [2025-01-12T12:05:56.571Z] Command:       C:\Program Files\nodejs\node.exe C:\Program Files\nodejs\node_modules\firebase-tools\lib\bin\firebase.js init
[debug] [2025-01-12T12:05:56.571Z] CLI Version:   13.29.1
[debug] [2025-01-12T12:05:56.572Z] Platform:      win32
[debug] [2025-01-12T12:05:56.572Z] Node Version:  v20.16.0
[debug] [2025-01-12T12:05:56.572Z] Time:          Sun Jan 12 2025 17:35:56 GMT+0530 (India Standard Time)
[debug] [2025-01-12T12:05:56.572Z] ----------------------------------------------------------------------
[debug] 
[debug] [2025-01-12T12:05:56.580Z] > command requires scopes: ["email","openid","https://www.googleapis.com/auth/cloudplatformprojects.readonly","https://www.googleapis.com/auth/firebase","https://www.googleapis.com/auth/cloud-platform"]
[debug] [2025-01-12T12:05:56.580Z] > authorizing via signed-in user (testinguser540@gmail.com)
[info] 
     ######## #### ########  ######## ########     ###     ######  ########
     ##        ##  ##     ## ##       ##     ##  ##   ##  ##       ##
     ######    ##  ########  ######   ########  #########  ######  ######
     ##        ##  ##    ##  ##       ##     ## ##     ##       ## ##
     ##       #### ##     ## ######## ########  ##     ##  ######  ########

You're about to initialize a Firebase project in this directory:

  E:\nextjs-app

[info] 
=== Project Setup
[info] 
[info] First, let's associate this project directory with a Firebase project.
[info] You can create multiple project aliases by running firebase use --add, 
[info] but for now we'll just set up a default project.
[info] 
[info] i  If you want to create a project in a Google Cloud organization or folder, please use "firebase projects:create" instead, and return to this command when you've created the project. 
[debug] [2025-01-12T12:06:37.053Z] Checked if tokens are valid: false, expires at: 1736681517882
[debug] [2025-01-12T12:06:37.053Z] Checked if tokens are valid: false, expires at: 1736681517882
[debug] [2025-01-12T12:06:37.054Z] > refreshing access token with scopes: []
[debug] [2025-01-12T12:06:37.056Z] >>> [apiv2][query] POST https://www.googleapis.com/oauth2/v3/token [none]
[debug] [2025-01-12T12:06:37.056Z] >>> [apiv2][body] POST https://www.googleapis.com/oauth2/v3/token [omitted]
[debug] [2025-01-12T12:06:37.450Z] <<< [apiv2][status] POST https://www.googleapis.com/oauth2/v3/token 200
[debug] [2025-01-12T12:06:37.450Z] <<< [apiv2][body] POST https://www.googleapis.com/oauth2/v3/token [omitted]
[debug] [2025-01-12T12:06:37.468Z] >>> [apiv2][query] POST https://cloudresourcemanager.googleapis.com/v1/projects [none]
[debug] [2025-01-12T12:06:37.468Z] >>> [apiv2][body] POST https://cloudresourcemanager.googleapis.com/v1/projects {"projectId":"Socia-mdeia","name":"social-media-45"}
[debug] [2025-01-12T12:06:39.287Z] <<< [apiv2][status] POST https://cloudresourcemanager.googleapis.com/v1/projects 400
[debug] [2025-01-12T12:06:39.287Z] <<< [apiv2][body] POST https://cloudresourcemanager.googleapis.com/v1/projects {"error":{"code":400,"message":"field [project_id] has issue [project_id contains invalid characters]","status":"INVALID_ARGUMENT","details":[{"@type":"type.googleapis.com/google.rpc.BadRequest","fieldViolations":[{"field":"project_id","description":"project_id contains invalid characters"}]},{"@type":"type.googleapis.com/google.rpc.Help","links":[{"url":"https://cloud.google.com/resource-manager/reference/rest/v1/projects"}]}]}}
[debug] [2025-01-12T12:06:39.506Z] FirebaseError: Request to https://cloudresourcemanager.googleapis.com/v1/projects had HTTP Error: 400, field [project_id] has issue [project_id contains invalid characters]
    at responseToError (C:\Users\Pratik Raut\AppData\Roaming\nvm\v20.16.0\node_modules\firebase-tools\lib\responseToError.js:52:12)
    at RetryOperation._fn (C:\Users\Pratik Raut\AppData\Roaming\nvm\v20.16.0\node_modules\firebase-tools\lib\apiv2.js:312:77)
    at process.processTicksAndRejections (node:internal/process/task_queues:95:5)
[error] 
[error] Error: Failed to create project. See firebase-debug.log for more info.
